<?xml version="1.0" encoding="UTF-8"?>
<testng-results skipped="0" failed="1" ignored="2" total="3" passed="0">
  <reporter-output>
    <line>
      <![CDATA[chrome launch]]>
    </line>
    <line>
      <![CDATA[Chrome launch]]>
    </line>
    <line>
      <![CDATA[Home-page title is verified:)VDO!hire]]>
    </line>
    <line>
      <![CDATA[screenshot captured]]>
    </line>
  </reporter-output>
  <suite name="Suite" duration-ms="297182" started-at="2019-02-18T13:10:16Z" finished-at="2019-02-18T13:15:13Z">
    <groups>
    </groups>
    <test name="Extent Report Test1" duration-ms="297182" started-at="2019-02-18T13:10:16Z" finished-at="2019-02-18T13:15:13Z">
      <class name="Com.VDOhire.generic.BasicExtentReport">
        <test-method status="PASS" signature="startReport(java.lang.String, java.lang.String)[pri:0, instance:Com.VDOhire.generic.BasicExtentReport@1d16f93d]" name="startReport" is-config="true" duration-ms="354" started-at="2019-02-18T18:40:15Z" finished-at="2019-02-18T18:40:16Z">
          <params>
            <param index="0">
              <value>
                <![CDATA[Windows]]>
              </value>
            </param>
            <param index="1">
              <value>
                <![CDATA[chrome]]>
              </value>
            </param>
          </params>
          <reporter-output>
          </reporter-output>
        </test-method> <!-- startReport -->
        <test-method status="PASS" signature="tearDown()[pri:0, instance:Com.VDOhire.generic.BasicExtentReport@1d16f93d]" name="tearDown" is-config="true" duration-ms="446" started-at="2019-02-18T18:45:13Z" finished-at="2019-02-18T18:45:13Z">
          <reporter-output>
          </reporter-output>
        </test-method> <!-- tearDown -->
      </class> <!-- Com.VDOhire.generic.BasicExtentReport -->
      <class name="Com.VDOhire.test.JobTest">
        <test-method status="PASS" signature="confiBrowser(java.lang.String, java.lang.String)[pri:0, instance:Com.VDOhire.test.JobTest@67b92f0a]" name="confiBrowser" is-config="true" duration-ms="15055" started-at="2019-02-18T18:40:16Z" finished-at="2019-02-18T18:40:31Z">
          <params>
            <param index="0">
              <value>
                <![CDATA[chrome]]>
              </value>
            </param>
            <param index="1">
              <value>
                <![CDATA[http://vdohire.com]]>
              </value>
            </param>
          </params>
          <reporter-output>
            <line>
              <![CDATA[chrome launch]]>
            </line>
            <line>
              <![CDATA[Chrome launch]]>
            </line>
          </reporter-output>
        </test-method> <!-- confiBrowser -->
        <test-method status="FAIL" signature="logInforJobCreation()[pri:0, instance:Com.VDOhire.test.JobTest@67b92f0a]" name="logInforJobCreation" duration-ms="281644" started-at="2019-02-18T18:40:31Z" finished-at="2019-02-18T18:45:12Z">
          <exception class="org.openqa.selenium.NoSuchElementException">
            <message>
              <![CDATA[no such element: Unable to locate element: {"method":"xpath","selector":"//button[contains(text(),'OK')]"}  (Session info: chrome=72.0.3626.109)  (Driver info: chromedriver=2.45.615291 (ec3682e3c9061c10f26ea9e5cdcf3c53f3f74387),platform=Windows NT 10.0.17134 x86_64) (WARNING: The server did not provide any stacktrace information)Command duration or timeout: 0 millisecondsFor documentation on this error, please visit: http://seleniumhq.org/exceptions/no_such_element.htmlBuild info: version: '3.14.0', revision: 'aacccce0', time: '2018-08-02T20:19:58.91Z'System info: host: 'LAPTOP-ONRUMTQ2', ip: '192.168.99.1', os.name: 'Windows 10', os.arch: 'amd64', os.version: '10.0', java.version: '1.8.0_191'Driver info: org.openqa.selenium.chrome.ChromeDriverCapabilities {acceptInsecureCerts: false, acceptSslCerts: false, applicationCacheEnabled: false, browserConnectionEnabled: false, browserName: chrome, chrome: {chromedriverVersion: 2.45.615291 (ec3682e3c9061c..., userDataDir: C:\Users\vinda\AppData\Loca...}, cssSelectorsEnabled: true, databaseEnabled: false, goog:chromeOptions: {debuggerAddress: localhost:61443}, handlesAlerts: true, hasTouchScreen: false, javascriptEnabled: true, locationContextEnabled: true, mobileEmulationEnabled: false, nativeEvents: true, networkConnectionEnabled: false, pageLoadStrategy: normal, platform: XP, platformName: XP, proxy: Proxy(), rotatable: false, setWindowRect: true, strictFileInteractability: false, takesHeapSnapshot: true, takesScreenshot: true, timeouts: {implicit: 0, pageLoad: 300000, script: 30000}, unexpectedAlertBehaviour: ignore, unhandledPromptBehavior: ignore, version: 72.0.3626.109, webStorageEnabled: true}Session ID: a5fd0bb4f3ac1cf7b91e0966da2cc150*** Element info: {Using=xpath, value=//button[contains(text(),'OK')]}]]>
            </message>
            <full-stacktrace>
              <![CDATA[org.openqa.selenium.NoSuchElementException: no such element: Unable to locate element: {"method":"xpath","selector":"//button[contains(text(),'OK')]"}  (Session info: chrome=72.0.3626.109)  (Driver info: chromedriver=2.45.615291 (ec3682e3c9061c10f26ea9e5cdcf3c53f3f74387),platform=Windows NT 10.0.17134 x86_64) (WARNING: The server did not provide any stacktrace information)Command duration or timeout: 0 millisecondsFor documentation on this error, please visit: http://seleniumhq.org/exceptions/no_such_element.htmlBuild info: version: '3.14.0', revision: 'aacccce0', time: '2018-08-02T20:19:58.91Z'System info: host: 'LAPTOP-ONRUMTQ2', ip: '192.168.99.1', os.name: 'Windows 10', os.arch: 'amd64', os.version: '10.0', java.version: '1.8.0_191'Driver info: org.openqa.selenium.chrome.ChromeDriverCapabilities {acceptInsecureCerts: false, acceptSslCerts: false, applicationCacheEnabled: false, browserConnectionEnabled: false, browserName: chrome, chrome: {chromedriverVersion: 2.45.615291 (ec3682e3c9061c..., userDataDir: C:\Users\vinda\AppData\Loca...}, cssSelectorsEnabled: true, databaseEnabled: false, goog:chromeOptions: {debuggerAddress: localhost:61443}, handlesAlerts: true, hasTouchScreen: false, javascriptEnabled: true, locationContextEnabled: true, mobileEmulationEnabled: false, nativeEvents: true, networkConnectionEnabled: false, pageLoadStrategy: normal, platform: XP, platformName: XP, proxy: Proxy(), rotatable: false, setWindowRect: true, strictFileInteractability: false, takesHeapSnapshot: true, takesScreenshot: true, timeouts: {implicit: 0, pageLoad: 300000, script: 30000}, unexpectedAlertBehaviour: ignore, unhandledPromptBehavior: ignore, version: 72.0.3626.109, webStorageEnabled: true}Session ID: a5fd0bb4f3ac1cf7b91e0966da2cc150*** Element info: {Using=xpath, value=//button[contains(text(),'OK')]}at sun.reflect.NativeConstructorAccessorImpl.newInstance0(Native Method)at sun.reflect.NativeConstructorAccessorImpl.newInstance(Unknown Source)at sun.reflect.DelegatingConstructorAccessorImpl.newInstance(Unknown Source)at java.lang.reflect.Constructor.newInstance(Unknown Source)at org.openqa.selenium.remote.ErrorHandler.createThrowable(ErrorHandler.java:214)at org.openqa.selenium.remote.ErrorHandler.throwIfResponseFailed(ErrorHandler.java:166)at org.openqa.selenium.remote.http.JsonHttpResponseCodec.reconstructValue(JsonHttpResponseCodec.java:40)at org.openqa.selenium.remote.http.AbstractHttpResponseCodec.decode(AbstractHttpResponseCodec.java:80)at org.openqa.selenium.remote.http.AbstractHttpResponseCodec.decode(AbstractHttpResponseCodec.java:44)at org.openqa.selenium.remote.HttpCommandExecutor.execute(HttpCommandExecutor.java:158)at org.openqa.selenium.remote.service.DriverCommandExecutor.execute(DriverCommandExecutor.java:83)at org.openqa.selenium.remote.RemoteWebDriver.execute(RemoteWebDriver.java:548)at org.openqa.selenium.remote.RemoteWebDriver.findElement(RemoteWebDriver.java:322)at org.openqa.selenium.remote.RemoteWebDriver.findElementByXPath(RemoteWebDriver.java:424)at org.openqa.selenium.By$ByXPath.findElement(By.java:353)at org.openqa.selenium.remote.RemoteWebDriver.findElement(RemoteWebDriver.java:314)at org.openqa.selenium.support.pagefactory.DefaultElementLocator.findElement(DefaultElementLocator.java:69)at org.openqa.selenium.support.pagefactory.internal.LocatingElementHandler.invoke(LocatingElementHandler.java:38)at com.sun.proxy.$Proxy12.getWrappedElement(Unknown Source)at org.openqa.selenium.remote.internal.WebElementToJsonConverter.apply(WebElementToJsonConverter.java:50)at java.util.stream.ReferencePipeline$3$1.accept(Unknown Source)at java.util.Spliterators$ArraySpliterator.forEachRemaining(Unknown Source)at java.util.stream.AbstractPipeline.copyInto(Unknown Source)at java.util.stream.AbstractPipeline.wrapAndCopyInto(Unknown Source)at java.util.stream.ReduceOps$ReduceOp.evaluateSequential(Unknown Source)at java.util.stream.AbstractPipeline.evaluate(Unknown Source)at java.util.stream.ReferencePipeline.collect(Unknown Source)at org.openqa.selenium.remote.RemoteWebDriver.executeScript(RemoteWebDriver.java:480)at Com.VDOhire.generic.HighLighter.highLightElement(HighLighter.java:13)at Com.VDOhire.pom.DeleteInterviewSetAndJob.deleteJobAndDettachInterviewSet(DeleteInterviewSetAndJob.java:83)at Com.VDOhire.test.JobTest.logInforJobCreation(JobTest.java:200)at sun.reflect.NativeMethodAccessorImpl.invoke0(Native Method)at sun.reflect.NativeMethodAccessorImpl.invoke(Unknown Source)at sun.reflect.DelegatingMethodAccessorImpl.invoke(Unknown Source)at java.lang.reflect.Method.invoke(Unknown Source)at org.testng.internal.MethodInvocationHelper.invokeMethod(MethodInvocationHelper.java:124)at org.testng.internal.Invoker.invokeMethod(Invoker.java:571)at org.testng.internal.Invoker.invokeTestMethod(Invoker.java:707)at org.testng.internal.Invoker.invokeTestMethods(Invoker.java:979)at org.testng.internal.TestMethodWorker.invokeTestMethods(TestMethodWorker.java:125)at org.testng.internal.TestMethodWorker.run(TestMethodWorker.java:109)at org.testng.TestRunner.privateRun(TestRunner.java:648)at org.testng.TestRunner.run(TestRunner.java:505)at org.testng.SuiteRunner.runTest(SuiteRunner.java:455)at org.testng.SuiteRunner.runSequentially(SuiteRunner.java:450)at org.testng.SuiteRunner.privateRun(SuiteRunner.java:415)at org.testng.SuiteRunner.run(SuiteRunner.java:364)at org.testng.SuiteRunnerWorker.runSuite(SuiteRunnerWorker.java:52)at org.testng.SuiteRunnerWorker.run(SuiteRunnerWorker.java:84)at org.testng.TestNG.runSuitesSequentially(TestNG.java:1187)at org.testng.TestNG.runSuitesLocally(TestNG.java:1116)at org.testng.TestNG.runSuites(TestNG.java:1028)at org.testng.TestNG.run(TestNG.java:996)at org.testng.remote.AbstractRemoteTestNG.run(AbstractRemoteTestNG.java:114)at org.testng.remote.RemoteTestNG.initAndRun(RemoteTestNG.java:251)at org.testng.remote.RemoteTestNG.main(RemoteTestNG.java:77)]]>
            </full-stacktrace>
          </exception> <!-- org.openqa.selenium.NoSuchElementException -->
          <reporter-output>
            <line>
              <![CDATA[Home-page title is verified:)VDO!hire]]>
            </line>
          </reporter-output>
        </test-method> <!-- logInforJobCreation -->
        <test-method status="PASS" signature="getResult(org.testng.ITestResult)[pri:0, instance:Com.VDOhire.test.JobTest@67b92f0a]" name="getResult" is-config="true" duration-ms="21" started-at="2019-02-18T18:45:12Z" finished-at="2019-02-18T18:45:12Z">
          <params>
            <param index="0">
              <value>
                <![CDATA[[TestResult name=logInforJobCreation status=FAILURE method=JobTest.logInforJobCreation()[pri:0, instance:Com.VDOhire.test.JobTest@67b92f0a] output=Home-page title is verified:)VDO!hire]]]>
              </value>
            </param>
          </params>
          <reporter-output>
          </reporter-output>
        </test-method> <!-- getResult -->
        <test-method status="PASS" signature="takeMethodName(org.testng.ITestResult)[pri:0, instance:Com.VDOhire.test.JobTest@67b92f0a]" name="takeMethodName" is-config="true" duration-ms="424" started-at="2019-02-18T18:45:12Z" finished-at="2019-02-18T18:45:13Z">
          <params>
            <param index="0">
              <value>
                <![CDATA[[TestResult name=logInforJobCreation status=FAILURE method=JobTest.logInforJobCreation()[pri:0, instance:Com.VDOhire.test.JobTest@67b92f0a] output=Home-page title is verified:)VDO!hire]]]>
              </value>
            </param>
          </params>
          <reporter-output>
            <line>
              <![CDATA[screenshot captured]]>
            </line>
          </reporter-output>
        </test-method> <!-- takeMethodName -->
      </class> <!-- Com.VDOhire.test.JobTest -->
    </test> <!-- Extent Report Test1 -->
  </suite> <!-- Suite -->
</testng-results>
