<?xml version="1.0" encoding="UTF-8"?>
<!-- Generated by org.testng.reporters.JUnitXMLReporter -->
<testsuite hostname="Utkarsh-PC" ignored="0" name="Default test" tests="50" failures="3" timestamp="19 Oct 2018 06:36:25 GMT" time="25.76" errors="0">
  <testcase name="verifyWeatherInfoWithPositiveData" time="5.406" classname="APITEST.TestWeatherAPIWithDataProvide"/>
  <testcase name="verifyWeatherInfoWithPositiveData" time="0.602" classname="APITEST.TestWeatherAPIWithDataProvide"/>
  <testcase name="verifyWeatherInfoWithPositiveData" time="0.276" classname="APITEST.TestWeatherAPIWithDataProvide">
    <failure type="java.lang.AssertionError" message="1 expectation failed.
Expected status code &amp;lt;300&amp;gt; but was &amp;lt;200&amp;gt;.
">
      <![CDATA[java.lang.AssertionError: 1 expectation failed.
Expected status code <300> but was <200>.

at sun.reflect.NativeConstructorAccessorImpl.newInstance0(Native Method)
at sun.reflect.NativeConstructorAccessorImpl.newInstance(Unknown Source)
at sun.reflect.DelegatingConstructorAccessorImpl.newInstance(Unknown Source)
at java.lang.reflect.Constructor.newInstance(Unknown Source)
at org.codehaus.groovy.reflection.CachedConstructor.invoke(CachedConstructor.java:83)
at org.codehaus.groovy.reflection.CachedConstructor.doConstructorInvoke(CachedConstructor.java:77)
at org.codehaus.groovy.runtime.callsite.ConstructorSite$ConstructorSiteNoUnwrap.callConstructor(ConstructorSite.java:84)
at org.codehaus.groovy.runtime.callsite.CallSiteArray.defaultCallConstructor(CallSiteArray.java:60)
at org.codehaus.groovy.runtime.callsite.AbstractCallSite.callConstructor(AbstractCallSite.java:235)
at org.codehaus.groovy.runtime.callsite.AbstractCallSite.callConstructor(AbstractCallSite.java:247)
at io.restassured.internal.ResponseSpecificationImpl$HamcrestAssertionClosure.validate(ResponseSpecificationImpl.groovy:482)
at io.restassured.internal.ResponseSpecificationImpl$HamcrestAssertionClosure$validate$1.call(Unknown Source)
at io.restassured.internal.ResponseSpecificationImpl.validateResponseIfRequired(ResponseSpecificationImpl.groovy:654)
at sun.reflect.NativeMethodAccessorImpl.invoke0(Native Method)
at sun.reflect.NativeMethodAccessorImpl.invoke(Unknown Source)
at sun.reflect.DelegatingMethodAccessorImpl.invoke(Unknown Source)
at java.lang.reflect.Method.invoke(Unknown Source)
at org.codehaus.groovy.runtime.callsite.PogoMetaMethodSite$PogoCachedMethodSiteNoUnwrapNoCoerce.invoke(PogoMetaMethodSite.java:210)
at org.codehaus.groovy.runtime.callsite.PogoMetaMethodSite.callCurrent(PogoMetaMethodSite.java:59)
at org.codehaus.groovy.runtime.callsite.AbstractCallSite.callCurrent(AbstractCallSite.java:166)
at io.restassured.internal.ResponseSpecificationImpl.statusCode(ResponseSpecificationImpl.groovy:124)
at io.restassured.specification.ResponseSpecification$statusCode$0.callCurrent(Unknown Source)
at io.restassured.internal.ResponseSpecificationImpl.statusCode(ResponseSpecificationImpl.groovy:132)
at io.restassured.internal.ValidatableResponseOptionsImpl.statusCode(ValidatableResponseOptionsImpl.java:119)
at APITEST.TestWeatherAPIWithDataProvide.verifyWeatherInfoWithPositiveData(TestWeatherAPIWithDataProvide.java:59)
at sun.reflect.NativeMethodAccessorImpl.invoke0(Native Method)
at sun.reflect.NativeMethodAccessorImpl.invoke(Unknown Source)
at sun.reflect.DelegatingMethodAccessorImpl.invoke(Unknown Source)
at java.lang.reflect.Method.invoke(Unknown Source)
at org.testng.internal.MethodInvocationHelper.invokeMethod(MethodInvocationHelper.java:124)
at org.testng.internal.Invoker.invokeMethod(Invoker.java:580)
at org.testng.internal.Invoker.invokeTestMethod(Invoker.java:716)
at org.testng.internal.Invoker.invokeTestMethods(Invoker.java:988)
at org.testng.internal.TestMethodWorker.invokeTestMethods(TestMethodWorker.java:125)
at org.testng.internal.TestMethodWorker.run(TestMethodWorker.java:109)
at org.testng.TestRunner.privateRun(TestRunner.java:648)
at org.testng.TestRunner.run(TestRunner.java:505)
at org.testng.SuiteRunner.runTest(SuiteRunner.java:455)
at org.testng.SuiteRunner.runSequentially(SuiteRunner.java:450)
at org.testng.SuiteRunner.privateRun(SuiteRunner.java:415)
at org.testng.SuiteRunner.run(SuiteRunner.java:364)
at org.testng.SuiteRunnerWorker.runSuite(SuiteRunnerWorker.java:52)
at org.testng.SuiteRunnerWorker.run(SuiteRunnerWorker.java:84)
at org.testng.TestNG.runSuitesSequentially(TestNG.java:1208)
at org.testng.TestNG.runSuitesLocally(TestNG.java:1137)
at org.testng.TestNG.runSuites(TestNG.java:1049)
at org.testng.TestNG.run(TestNG.java:1017)
at org.testng.remote.AbstractRemoteTestNG.run(AbstractRemoteTestNG.java:114)
at org.testng.remote.RemoteTestNG.initAndRun(RemoteTestNG.java:251)
at org.testng.remote.RemoteTestNG.main(RemoteTestNG.java:77)
]]>
    </failure>
  </testcase> <!-- verifyWeatherInfoWithPositiveData -->
  <testcase name="verifyWeatherInfoWithPositiveData" time="0.263" classname="APITEST.TestWeatherAPIWithDataProvide">
    <failure type="java.lang.AssertionError" message="1 expectation failed.
Expected status code &amp;lt;300&amp;gt; but was &amp;lt;200&amp;gt;.
">
      <![CDATA[java.lang.AssertionError: 1 expectation failed.
Expected status code <300> but was <200>.

at sun.reflect.NativeConstructorAccessorImpl.newInstance0(Native Method)
at sun.reflect.NativeConstructorAccessorImpl.newInstance(Unknown Source)
at sun.reflect.DelegatingConstructorAccessorImpl.newInstance(Unknown Source)
at java.lang.reflect.Constructor.newInstance(Unknown Source)
at org.codehaus.groovy.reflection.CachedConstructor.invoke(CachedConstructor.java:83)
at org.codehaus.groovy.reflection.CachedConstructor.doConstructorInvoke(CachedConstructor.java:77)
at org.codehaus.groovy.runtime.callsite.ConstructorSite$ConstructorSiteNoUnwrap.callConstructor(ConstructorSite.java:84)
at org.codehaus.groovy.runtime.callsite.AbstractCallSite.callConstructor(AbstractCallSite.java:247)
at io.restassured.internal.ResponseSpecificationImpl$HamcrestAssertionClosure.validate(ResponseSpecificationImpl.groovy:482)
at io.restassured.internal.ResponseSpecificationImpl$HamcrestAssertionClosure$validate$1.call(Unknown Source)
at io.restassured.internal.ResponseSpecificationImpl.validateResponseIfRequired(ResponseSpecificationImpl.groovy:654)
at sun.reflect.NativeMethodAccessorImpl.invoke0(Native Method)
at sun.reflect.NativeMethodAccessorImpl.invoke(Unknown Source)
at sun.reflect.DelegatingMethodAccessorImpl.invoke(Unknown Source)
at java.lang.reflect.Method.invoke(Unknown Source)
at org.codehaus.groovy.runtime.callsite.PogoMetaMethodSite$PogoCachedMethodSiteNoUnwrapNoCoerce.invoke(PogoMetaMethodSite.java:210)
at org.codehaus.groovy.runtime.callsite.PogoMetaMethodSite.callCurrent(PogoMetaMethodSite.java:59)
at org.codehaus.groovy.runtime.callsite.AbstractCallSite.callCurrent(AbstractCallSite.java:166)
at io.restassured.internal.ResponseSpecificationImpl.statusCode(ResponseSpecificationImpl.groovy:124)
at io.restassured.specification.ResponseSpecification$statusCode$0.callCurrent(Unknown Source)
at io.restassured.internal.ResponseSpecificationImpl.statusCode(ResponseSpecificationImpl.groovy:132)
at io.restassured.internal.ValidatableResponseOptionsImpl.statusCode(ValidatableResponseOptionsImpl.java:119)
at APITEST.TestWeatherAPIWithDataProvide.verifyWeatherInfoWithPositiveData(TestWeatherAPIWithDataProvide.java:59)
at sun.reflect.NativeMethodAccessorImpl.invoke0(Native Method)
at sun.reflect.NativeMethodAccessorImpl.invoke(Unknown Source)
at sun.reflect.DelegatingMethodAccessorImpl.invoke(Unknown Source)
at java.lang.reflect.Method.invoke(Unknown Source)
at org.testng.internal.MethodInvocationHelper.invokeMethod(MethodInvocationHelper.java:124)
at org.testng.internal.Invoker.invokeMethod(Invoker.java:580)
at org.testng.internal.Invoker.invokeTestMethod(Invoker.java:716)
at org.testng.internal.Invoker.invokeTestMethods(Invoker.java:988)
at org.testng.internal.TestMethodWorker.invokeTestMethods(TestMethodWorker.java:125)
at org.testng.internal.TestMethodWorker.run(TestMethodWorker.java:109)
at org.testng.TestRunner.privateRun(TestRunner.java:648)
at org.testng.TestRunner.run(TestRunner.java:505)
at org.testng.SuiteRunner.runTest(SuiteRunner.java:455)
at org.testng.SuiteRunner.runSequentially(SuiteRunner.java:450)
at org.testng.SuiteRunner.privateRun(SuiteRunner.java:415)
at org.testng.SuiteRunner.run(SuiteRunner.java:364)
at org.testng.SuiteRunnerWorker.runSuite(SuiteRunnerWorker.java:52)
at org.testng.SuiteRunnerWorker.run(SuiteRunnerWorker.java:84)
at org.testng.TestNG.runSuitesSequentially(TestNG.java:1208)
at org.testng.TestNG.runSuitesLocally(TestNG.java:1137)
at org.testng.TestNG.runSuites(TestNG.java:1049)
at org.testng.TestNG.run(TestNG.java:1017)
at org.testng.remote.AbstractRemoteTestNG.run(AbstractRemoteTestNG.java:114)
at org.testng.remote.RemoteTestNG.initAndRun(RemoteTestNG.java:251)
at org.testng.remote.RemoteTestNG.main(RemoteTestNG.java:77)
]]>
    </failure>
  </testcase> <!-- verifyWeatherInfoWithPositiveData -->
  <testcase name="verifyWeatherInfoWithPositiveData" time="0.208" classname="APITEST.TestWeatherAPIWithDataProvide">
    <failure type="java.lang.AssertionError" message="1 expectation failed.
Expected status code &amp;lt;300&amp;gt; but was &amp;lt;200&amp;gt;.
">
      <![CDATA[java.lang.AssertionError: 1 expectation failed.
Expected status code <300> but was <200>.

at sun.reflect.NativeConstructorAccessorImpl.newInstance0(Native Method)
at sun.reflect.NativeConstructorAccessorImpl.newInstance(Unknown Source)
at sun.reflect.DelegatingConstructorAccessorImpl.newInstance(Unknown Source)
at java.lang.reflect.Constructor.newInstance(Unknown Source)
at org.codehaus.groovy.reflection.CachedConstructor.invoke(CachedConstructor.java:83)
at org.codehaus.groovy.reflection.CachedConstructor.doConstructorInvoke(CachedConstructor.java:77)
at org.codehaus.groovy.runtime.callsite.ConstructorSite$ConstructorSiteNoUnwrap.callConstructor(ConstructorSite.java:84)
at org.codehaus.groovy.runtime.callsite.AbstractCallSite.callConstructor(AbstractCallSite.java:247)
at io.restassured.internal.ResponseSpecificationImpl$HamcrestAssertionClosure.validate(ResponseSpecificationImpl.groovy:482)
at io.restassured.internal.ResponseSpecificationImpl$HamcrestAssertionClosure$validate$1.call(Unknown Source)
at io.restassured.internal.ResponseSpecificationImpl.validateResponseIfRequired(ResponseSpecificationImpl.groovy:654)
at sun.reflect.NativeMethodAccessorImpl.invoke0(Native Method)
at sun.reflect.NativeMethodAccessorImpl.invoke(Unknown Source)
at sun.reflect.DelegatingMethodAccessorImpl.invoke(Unknown Source)
at java.lang.reflect.Method.invoke(Unknown Source)
at org.codehaus.groovy.runtime.callsite.PogoMetaMethodSite$PogoCachedMethodSiteNoUnwrapNoCoerce.invoke(PogoMetaMethodSite.java:210)
at org.codehaus.groovy.runtime.callsite.PogoMetaMethodSite.callCurrent(PogoMetaMethodSite.java:59)
at org.codehaus.groovy.runtime.callsite.AbstractCallSite.callCurrent(AbstractCallSite.java:166)
at io.restassured.internal.ResponseSpecificationImpl.statusCode(ResponseSpecificationImpl.groovy:124)
at io.restassured.specification.ResponseSpecification$statusCode$0.callCurrent(Unknown Source)
at io.restassured.internal.ResponseSpecificationImpl.statusCode(ResponseSpecificationImpl.groovy:132)
at io.restassured.internal.ValidatableResponseOptionsImpl.statusCode(ValidatableResponseOptionsImpl.java:119)
at APITEST.TestWeatherAPIWithDataProvide.verifyWeatherInfoWithPositiveData(TestWeatherAPIWithDataProvide.java:59)
at sun.reflect.NativeMethodAccessorImpl.invoke0(Native Method)
at sun.reflect.NativeMethodAccessorImpl.invoke(Unknown Source)
at sun.reflect.DelegatingMethodAccessorImpl.invoke(Unknown Source)
at java.lang.reflect.Method.invoke(Unknown Source)
at org.testng.internal.MethodInvocationHelper.invokeMethod(MethodInvocationHelper.java:124)
at org.testng.internal.Invoker.invokeMethod(Invoker.java:580)
at org.testng.internal.Invoker.invokeTestMethod(Invoker.java:716)
at org.testng.internal.Invoker.invokeTestMethods(Invoker.java:988)
at org.testng.internal.TestMethodWorker.invokeTestMethods(TestMethodWorker.java:125)
at org.testng.internal.TestMethodWorker.run(TestMethodWorker.java:109)
at org.testng.TestRunner.privateRun(TestRunner.java:648)
at org.testng.TestRunner.run(TestRunner.java:505)
at org.testng.SuiteRunner.runTest(SuiteRunner.java:455)
at org.testng.SuiteRunner.runSequentially(SuiteRunner.java:450)
at org.testng.SuiteRunner.privateRun(SuiteRunner.java:415)
at org.testng.SuiteRunner.run(SuiteRunner.java:364)
at org.testng.SuiteRunnerWorker.runSuite(SuiteRunnerWorker.java:52)
at org.testng.SuiteRunnerWorker.run(SuiteRunnerWorker.java:84)
at org.testng.TestNG.runSuitesSequentially(TestNG.java:1208)
at org.testng.TestNG.runSuitesLocally(TestNG.java:1137)
at org.testng.TestNG.runSuites(TestNG.java:1049)
at org.testng.TestNG.run(TestNG.java:1017)
at org.testng.remote.AbstractRemoteTestNG.run(AbstractRemoteTestNG.java:114)
at org.testng.remote.RemoteTestNG.initAndRun(RemoteTestNG.java:251)
at org.testng.remote.RemoteTestNG.main(RemoteTestNG.java:77)
]]>
    </failure>
  </testcase> <!-- verifyWeatherInfoWithPositiveData -->
  <testcase name="verifyWeatherInfoWithPositiveData" time="0.322" classname="APITEST.TestWeatherAPIWithDataProvide"/>
  <testcase name="verifyWeatherInfoWithPositiveData" time="0.318" classname="APITEST.TestWeatherAPIWithDataProvide"/>
  <testcase name="verifyWeatherInfoWithPositiveData" time="0.306" classname="APITEST.TestWeatherAPIWithDataProvide"/>
  <testcase name="verifyWeatherInfoWithPositiveData" time="0.312" classname="APITEST.TestWeatherAPIWithDataProvide"/>
  <testcase name="verifyWeatherInfoWithPositiveData" time="0.288" classname="APITEST.TestWeatherAPIWithDataProvide"/>
  <testcase name="verifyWeatherInfoWithPositiveData" time="0.347" classname="APITEST.TestWeatherAPIWithDataProvide"/>
  <testcase name="verifyWeatherInfoWithPositiveData" time="0.279" classname="APITEST.TestWeatherAPIWithDataProvide"/>
  <testcase name="verifyWeatherInfoWithPositiveData" time="0.259" classname="APITEST.TestWeatherAPIWithDataProvide"/>
  <testcase name="verifyWeatherInfoWithPositiveData" time="0.418" classname="APITEST.TestWeatherAPIWithDataProvide"/>
  <testcase name="verifyWeatherInfoWithPositiveData" time="0.245" classname="APITEST.TestWeatherAPIWithDataProvide"/>
  <testcase name="verifyWeatherInfoWithPositiveData" time="0.291" classname="APITEST.TestWeatherAPIWithDataProvide"/>
  <testcase name="verifyWeatherInfoWithPositiveData" time="0.273" classname="APITEST.TestWeatherAPIWithDataProvide"/>
  <testcase name="verifyWeatherInfoWithPositiveData" time="0.27" classname="APITEST.TestWeatherAPIWithDataProvide"/>
  <testcase name="verifyWeatherInfoWithPositiveData" time="0.507" classname="APITEST.TestWeatherAPIWithDataProvide"/>
  <testcase name="verifyWeatherInfoWithPositiveData" time="0.276" classname="APITEST.TestWeatherAPIWithDataProvide"/>
  <testcase name="verifyWeatherInfoWithPositiveData" time="0.283" classname="APITEST.TestWeatherAPIWithDataProvide"/>
  <testcase name="verifyWeatherInfoWithPositiveData" time="0.26" classname="APITEST.TestWeatherAPIWithDataProvide"/>
  <testcase name="verifyWeatherInfoWithPositiveData" time="0.414" classname="APITEST.TestWeatherAPIWithDataProvide"/>
  <testcase name="verifyWeatherInfoWithPositiveData" time="0.256" classname="APITEST.TestWeatherAPIWithDataProvide"/>
  <testcase name="verifyWeatherInfoWithPositiveData" time="0.406" classname="APITEST.TestWeatherAPIWithDataProvide"/>
  <testcase name="verifyWeatherInfoWithPositiveData" time="0.335" classname="APITEST.TestWeatherAPIWithDataProvide"/>
  <testcase name="verifyWeatherInfoWithPositiveData" time="0.277" classname="APITEST.TestWeatherAPIWithDataProvide"/>
  <testcase name="verifyWeatherInfoWithPositiveData" time="0.273" classname="APITEST.TestWeatherAPIWithDataProvide"/>
  <testcase name="verifyWeatherInfoWithPositiveData" time="0.28" classname="APITEST.TestWeatherAPIWithDataProvide"/>
  <testcase name="verifyWeatherInfoWithPositiveData" time="0.314" classname="APITEST.TestWeatherAPIWithDataProvide"/>
  <testcase name="verifyWeatherInfoWithNegativeData" time="0.251" classname="APITEST.TestWeatherAPIWithDataProvide"/>
  <testcase name="verifyWeatherInfoWithNegativeData" time="0.239" classname="APITEST.TestWeatherAPIWithDataProvide"/>
  <testcase name="verifyWeatherInfoWithNegativeData" time="0.216" classname="APITEST.TestWeatherAPIWithDataProvide"/>
  <testcase name="verifyWeatherInfoWithNegativeData" time="0.227" classname="APITEST.TestWeatherAPIWithDataProvide"/>
  <testcase name="verifyWeatherInfoWithNegativeData" time="0.227" classname="APITEST.TestWeatherAPIWithDataProvide"/>
  <testcase name="verifyWeatherInfoWithNegativeData" time="0.214" classname="APITEST.TestWeatherAPIWithDataProvide"/>
  <testcase name="verifyWeatherInfoWithNegativeData" time="0.229" classname="APITEST.TestWeatherAPIWithDataProvide"/>
  <testcase name="verifyWeatherInfoWithNegativeData" time="0.22" classname="APITEST.TestWeatherAPIWithDataProvide"/>
  <testcase name="verifyWeatherInfoWithNegativeData" time="0.246" classname="APITEST.TestWeatherAPIWithDataProvide"/>
  <testcase name="verifyWeatherInfoWithNegativeData" time="0.214" classname="APITEST.TestWeatherAPIWithDataProvide"/>
  <testcase name="verifyWeatherInfoWithNegativeData" time="0.215" classname="APITEST.TestWeatherAPIWithDataProvide"/>
  <testcase name="verifyWeatherInfoWithNegativeData" time="0.215" classname="APITEST.TestWeatherAPIWithDataProvide"/>
  <testcase name="verifyWeatherInfoWithNegativeData" time="0.223" classname="APITEST.TestWeatherAPIWithDataProvide"/>
  <testcase name="verifyWeatherInfoWithNegativeData" time="0.517" classname="APITEST.TestWeatherAPIWithDataProvide"/>
  <testcase name="verifyWeatherInfoWithNegativeData" time="0.232" classname="APITEST.TestWeatherAPIWithDataProvide"/>
  <testcase name="verifyWeatherInfoWithNegativeData" time="0.247" classname="APITEST.TestWeatherAPIWithDataProvide"/>
  <testcase name="verifyWeatherInfoWithNegativeData" time="0.213" classname="APITEST.TestWeatherAPIWithDataProvide"/>
  <testcase name="verifyWeatherInfoWithNegativeData" time="0.214" classname="APITEST.TestWeatherAPIWithDataProvide"/>
  <testcase name="verifyWeatherInfoWithNegativeData" time="0.216" classname="APITEST.TestWeatherAPIWithDataProvide"/>
  <testcase name="verifyWeatherInfoWithNegativeData" time="0.216" classname="APITEST.TestWeatherAPIWithDataProvide"/>
</testsuite> <!-- Default test -->
