<?xml version="1.0" encoding="UTF-8"?>
<!-- Generated by org.testng.reporters.JUnitReportReporter -->
<testsuite skipped="0" hostname="V1550-5493QR1" name="APITEST.TestWeatherAPIWithDataProvide" tests="50" failures="3" timestamp="06 Nov 2018 16:38:24 GMT" time="43.798" errors="0">
  <testcase name="verifyWeatherInfoWithPositiveData" time="0.546" classname="APITEST.TestWeatherAPIWithDataProvide"/>
  <testcase name="verifyWeatherInfoWithPositiveData" time="0.781" classname="APITEST.TestWeatherAPIWithDataProvide"/>
  <testcase name="verifyWeatherInfoWithPositiveData" time="0.562" classname="APITEST.TestWeatherAPIWithDataProvide"/>
  <testcase name="verifyWeatherInfoWithPositiveData" time="0.564" classname="APITEST.TestWeatherAPIWithDataProvide"/>
  <testcase name="verifyWeatherInfoWithPositiveData" time="0.609" classname="APITEST.TestWeatherAPIWithDataProvide"/>
  <testcase name="verifyWeatherInfoWithPositiveData" time="1.725" classname="APITEST.TestWeatherAPIWithDataProvide"/>
  <testcase name="verifyWeatherInfoWithPositiveData" time="0.765" classname="APITEST.TestWeatherAPIWithDataProvide"/>
  <testcase name="verifyWeatherInfoWithPositiveData" time="0.657" classname="APITEST.TestWeatherAPIWithDataProvide"/>
  <testcase name="verifyWeatherInfoWithPositiveData" time="0.594" classname="APITEST.TestWeatherAPIWithDataProvide"/>
  <testcase name="verifyWeatherInfoWithPositiveData" time="12.523" classname="APITEST.TestWeatherAPIWithDataProvide"/>
  <testcase name="verifyWeatherInfoWithPositiveData" time="0.640" classname="APITEST.TestWeatherAPIWithDataProvide"/>
  <testcase name="verifyWeatherInfoWithPositiveData" time="0.577" classname="APITEST.TestWeatherAPIWithDataProvide">
    <failure type="java.lang.AssertionError" message="1 expectation failed.
Expected status code &lt;300&gt; but was &lt;200&gt;.
">
      <![CDATA[java.lang.AssertionError: 1 expectation failed.
Expected status code <300> but was <200>.

at sun.reflect.NativeConstructorAccessorImpl.newInstance0(Native Method)
at sun.reflect.NativeConstructorAccessorImpl.newInstance(Unknown Source)
at sun.reflect.DelegatingConstructorAccessorImpl.newInstance(Unknown Source)
at java.lang.reflect.Constructor.newInstance(Unknown Source)
at org.codehaus.groovy.reflection.CachedConstructor.invoke(CachedConstructor.java:83)
at org.codehaus.groovy.reflection.CachedConstructor.doConstructorInvoke(CachedConstructor.java:77)
at org.codehaus.groovy.runtime.callsite.ConstructorSite$ConstructorSiteNoUnwrap.callConstructor(ConstructorSite.java:84)
at org.codehaus.groovy.runtime.callsite.AbstractCallSite.callConstructor(AbstractCallSite.java:247)
at io.restassured.internal.ResponseSpecificationImpl$HamcrestAssertionClosure.validate(ResponseSpecificationImpl.groovy:482)
at io.restassured.internal.ResponseSpecificationImpl$HamcrestAssertionClosure$validate$1.call(Unknown Source)
at io.restassured.internal.ResponseSpecificationImpl.validateResponseIfRequired(ResponseSpecificationImpl.groovy:654)
at sun.reflect.NativeMethodAccessorImpl.invoke0(Native Method)
at sun.reflect.NativeMethodAccessorImpl.invoke(Unknown Source)
at sun.reflect.DelegatingMethodAccessorImpl.invoke(Unknown Source)
at java.lang.reflect.Method.invoke(Unknown Source)
at org.codehaus.groovy.runtime.callsite.PogoMetaMethodSite$PogoCachedMethodSiteNoUnwrapNoCoerce.invoke(PogoMetaMethodSite.java:210)
at org.codehaus.groovy.runtime.callsite.PogoMetaMethodSite.callCurrent(PogoMetaMethodSite.java:59)
at org.codehaus.groovy.runtime.callsite.AbstractCallSite.callCurrent(AbstractCallSite.java:166)
at io.restassured.internal.ResponseSpecificationImpl.statusCode(ResponseSpecificationImpl.groovy:124)
at io.restassured.specification.ResponseSpecification$statusCode$0.callCurrent(Unknown Source)
at io.restassured.internal.ResponseSpecificationImpl.statusCode(ResponseSpecificationImpl.groovy:132)
at io.restassured.internal.ValidatableResponseOptionsImpl.statusCode(ValidatableResponseOptionsImpl.java:119)
at APITEST.TestWeatherAPIWithDataProvide.verifyWeatherInfoWithPositiveData(TestWeatherAPIWithDataProvide.java:59)
at sun.reflect.NativeMethodAccessorImpl.invoke0(Native Method)
at sun.reflect.NativeMethodAccessorImpl.invoke(Unknown Source)
at sun.reflect.DelegatingMethodAccessorImpl.invoke(Unknown Source)
at java.lang.reflect.Method.invoke(Unknown Source)
at org.testng.internal.MethodInvocationHelper.invokeMethod(MethodInvocationHelper.java:124)
at org.testng.internal.Invoker.invokeMethod(Invoker.java:580)
at org.testng.internal.Invoker.invokeTestMethod(Invoker.java:716)
at org.testng.internal.Invoker.invokeTestMethods(Invoker.java:988)
at org.testng.internal.TestMethodWorker.invokeTestMethods(TestMethodWorker.java:125)
at org.testng.internal.TestMethodWorker.run(TestMethodWorker.java:109)
at org.testng.TestRunner.privateRun(TestRunner.java:648)
at org.testng.TestRunner.run(TestRunner.java:505)
at org.testng.SuiteRunner.runTest(SuiteRunner.java:455)
at org.testng.SuiteRunner.runSequentially(SuiteRunner.java:450)
at org.testng.SuiteRunner.privateRun(SuiteRunner.java:415)
at org.testng.SuiteRunner.run(SuiteRunner.java:364)
at org.testng.SuiteRunnerWorker.runSuite(SuiteRunnerWorker.java:52)
at org.testng.SuiteRunnerWorker.run(SuiteRunnerWorker.java:84)
at org.testng.TestNG.runSuitesSequentially(TestNG.java:1208)
at org.testng.TestNG.runSuitesLocally(TestNG.java:1137)
at org.testng.TestNG.runSuites(TestNG.java:1049)
at org.testng.TestNG.run(TestNG.java:1017)
at org.testng.remote.AbstractRemoteTestNG.run(AbstractRemoteTestNG.java:114)
at org.testng.remote.RemoteTestNG.initAndRun(RemoteTestNG.java:251)
at org.testng.remote.RemoteTestNG.main(RemoteTestNG.java:77)
]]>
    </failure>
  </testcase> <!-- verifyWeatherInfoWithPositiveData -->
  <testcase name="verifyWeatherInfoWithPositiveData" time="0.656" classname="APITEST.TestWeatherAPIWithDataProvide"/>
  <testcase name="verifyWeatherInfoWithPositiveData" time="0.749" classname="APITEST.TestWeatherAPIWithDataProvide"/>
  <testcase name="verifyWeatherInfoWithPositiveData" time="0.844" classname="APITEST.TestWeatherAPIWithDataProvide"/>
  <testcase name="verifyWeatherInfoWithPositiveData" time="0.556" classname="APITEST.TestWeatherAPIWithDataProvide"/>
  <testcase name="verifyWeatherInfoWithPositiveData" time="0.609" classname="APITEST.TestWeatherAPIWithDataProvide"/>
  <testcase name="verifyWeatherInfoWithPositiveData" time="0.625" classname="APITEST.TestWeatherAPIWithDataProvide"/>
  <testcase name="verifyWeatherInfoWithPositiveData" time="0.735" classname="APITEST.TestWeatherAPIWithDataProvide"/>
  <testcase name="verifyWeatherInfoWithPositiveData" time="0.656" classname="APITEST.TestWeatherAPIWithDataProvide"/>
  <testcase name="verifyWeatherInfoWithPositiveData" time="0.750" classname="APITEST.TestWeatherAPIWithDataProvide"/>
  <testcase name="verifyWeatherInfoWithPositiveData" time="0.723" classname="APITEST.TestWeatherAPIWithDataProvide"/>
  <testcase name="verifyWeatherInfoWithPositiveData" time="0.452" classname="APITEST.TestWeatherAPIWithDataProvide">
    <failure type="java.lang.AssertionError" message="1 expectation failed.
Expected status code &lt;300&gt; but was &lt;200&gt;.
">
      <![CDATA[java.lang.AssertionError: 1 expectation failed.
Expected status code <300> but was <200>.

at sun.reflect.NativeConstructorAccessorImpl.newInstance0(Native Method)
at sun.reflect.NativeConstructorAccessorImpl.newInstance(Unknown Source)
at sun.reflect.DelegatingConstructorAccessorImpl.newInstance(Unknown Source)
at java.lang.reflect.Constructor.newInstance(Unknown Source)
at org.codehaus.groovy.reflection.CachedConstructor.invoke(CachedConstructor.java:83)
at org.codehaus.groovy.reflection.CachedConstructor.doConstructorInvoke(CachedConstructor.java:77)
at org.codehaus.groovy.runtime.callsite.ConstructorSite$ConstructorSiteNoUnwrap.callConstructor(ConstructorSite.java:84)
at org.codehaus.groovy.runtime.callsite.AbstractCallSite.callConstructor(AbstractCallSite.java:247)
at io.restassured.internal.ResponseSpecificationImpl$HamcrestAssertionClosure.validate(ResponseSpecificationImpl.groovy:482)
at io.restassured.internal.ResponseSpecificationImpl$HamcrestAssertionClosure$validate$1.call(Unknown Source)
at io.restassured.internal.ResponseSpecificationImpl.validateResponseIfRequired(ResponseSpecificationImpl.groovy:654)
at sun.reflect.NativeMethodAccessorImpl.invoke0(Native Method)
at sun.reflect.NativeMethodAccessorImpl.invoke(Unknown Source)
at sun.reflect.DelegatingMethodAccessorImpl.invoke(Unknown Source)
at java.lang.reflect.Method.invoke(Unknown Source)
at org.codehaus.groovy.runtime.callsite.PogoMetaMethodSite$PogoCachedMethodSiteNoUnwrapNoCoerce.invoke(PogoMetaMethodSite.java:210)
at org.codehaus.groovy.runtime.callsite.PogoMetaMethodSite.callCurrent(PogoMetaMethodSite.java:59)
at org.codehaus.groovy.runtime.callsite.AbstractCallSite.callCurrent(AbstractCallSite.java:166)
at io.restassured.internal.ResponseSpecificationImpl.statusCode(ResponseSpecificationImpl.groovy:124)
at io.restassured.specification.ResponseSpecification$statusCode$0.callCurrent(Unknown Source)
at io.restassured.internal.ResponseSpecificationImpl.statusCode(ResponseSpecificationImpl.groovy:132)
at io.restassured.internal.ValidatableResponseOptionsImpl.statusCode(ValidatableResponseOptionsImpl.java:119)
at APITEST.TestWeatherAPIWithDataProvide.verifyWeatherInfoWithPositiveData(TestWeatherAPIWithDataProvide.java:59)
at sun.reflect.NativeMethodAccessorImpl.invoke0(Native Method)
at sun.reflect.NativeMethodAccessorImpl.invoke(Unknown Source)
at sun.reflect.DelegatingMethodAccessorImpl.invoke(Unknown Source)
at java.lang.reflect.Method.invoke(Unknown Source)
at org.testng.internal.MethodInvocationHelper.invokeMethod(MethodInvocationHelper.java:124)
at org.testng.internal.Invoker.invokeMethod(Invoker.java:580)
at org.testng.internal.Invoker.invokeTestMethod(Invoker.java:716)
at org.testng.internal.Invoker.invokeTestMethods(Invoker.java:988)
at org.testng.internal.TestMethodWorker.invokeTestMethods(TestMethodWorker.java:125)
at org.testng.internal.TestMethodWorker.run(TestMethodWorker.java:109)
at org.testng.TestRunner.privateRun(TestRunner.java:648)
at org.testng.TestRunner.run(TestRunner.java:505)
at org.testng.SuiteRunner.runTest(SuiteRunner.java:455)
at org.testng.SuiteRunner.runSequentially(SuiteRunner.java:450)
at org.testng.SuiteRunner.privateRun(SuiteRunner.java:415)
at org.testng.SuiteRunner.run(SuiteRunner.java:364)
at org.testng.SuiteRunnerWorker.runSuite(SuiteRunnerWorker.java:52)
at org.testng.SuiteRunnerWorker.run(SuiteRunnerWorker.java:84)
at org.testng.TestNG.runSuitesSequentially(TestNG.java:1208)
at org.testng.TestNG.runSuitesLocally(TestNG.java:1137)
at org.testng.TestNG.runSuites(TestNG.java:1049)
at org.testng.TestNG.run(TestNG.java:1017)
at org.testng.remote.AbstractRemoteTestNG.run(AbstractRemoteTestNG.java:114)
at org.testng.remote.RemoteTestNG.initAndRun(RemoteTestNG.java:251)
at org.testng.remote.RemoteTestNG.main(RemoteTestNG.java:77)
]]>
    </failure>
  </testcase> <!-- verifyWeatherInfoWithPositiveData -->
  <testcase name="verifyWeatherInfoWithPositiveData" time="0.640" classname="APITEST.TestWeatherAPIWithDataProvide"/>
  <testcase name="verifyWeatherInfoWithPositiveData" time="0.686" classname="APITEST.TestWeatherAPIWithDataProvide"/>
  <testcase name="verifyWeatherInfoWithPositiveData" time="0.546" classname="APITEST.TestWeatherAPIWithDataProvide"/>
  <testcase name="verifyWeatherInfoWithPositiveData" time="0.673" classname="APITEST.TestWeatherAPIWithDataProvide"/>
  <testcase name="verifyWeatherInfoWithPositiveData" time="0.593" classname="APITEST.TestWeatherAPIWithDataProvide"/>
  <testcase name="verifyWeatherInfoWithPositiveData" time="0.619" classname="APITEST.TestWeatherAPIWithDataProvide">
    <failure type="java.lang.AssertionError" message="1 expectation failed.
Expected status code &lt;300&gt; but was &lt;200&gt;.
">
      <![CDATA[java.lang.AssertionError: 1 expectation failed.
Expected status code <300> but was <200>.

at sun.reflect.NativeConstructorAccessorImpl.newInstance0(Native Method)
at sun.reflect.NativeConstructorAccessorImpl.newInstance(Unknown Source)
at sun.reflect.DelegatingConstructorAccessorImpl.newInstance(Unknown Source)
at java.lang.reflect.Constructor.newInstance(Unknown Source)
at org.codehaus.groovy.reflection.CachedConstructor.invoke(CachedConstructor.java:83)
at org.codehaus.groovy.reflection.CachedConstructor.doConstructorInvoke(CachedConstructor.java:77)
at org.codehaus.groovy.runtime.callsite.ConstructorSite$ConstructorSiteNoUnwrap.callConstructor(ConstructorSite.java:84)
at org.codehaus.groovy.runtime.callsite.CallSiteArray.defaultCallConstructor(CallSiteArray.java:60)
at org.codehaus.groovy.runtime.callsite.AbstractCallSite.callConstructor(AbstractCallSite.java:235)
at org.codehaus.groovy.runtime.callsite.AbstractCallSite.callConstructor(AbstractCallSite.java:247)
at io.restassured.internal.ResponseSpecificationImpl$HamcrestAssertionClosure.validate(ResponseSpecificationImpl.groovy:482)
at io.restassured.internal.ResponseSpecificationImpl$HamcrestAssertionClosure$validate$1.call(Unknown Source)
at io.restassured.internal.ResponseSpecificationImpl.validateResponseIfRequired(ResponseSpecificationImpl.groovy:654)
at sun.reflect.NativeMethodAccessorImpl.invoke0(Native Method)
at sun.reflect.NativeMethodAccessorImpl.invoke(Unknown Source)
at sun.reflect.DelegatingMethodAccessorImpl.invoke(Unknown Source)
at java.lang.reflect.Method.invoke(Unknown Source)
at org.codehaus.groovy.runtime.callsite.PogoMetaMethodSite$PogoCachedMethodSiteNoUnwrapNoCoerce.invoke(PogoMetaMethodSite.java:210)
at org.codehaus.groovy.runtime.callsite.PogoMetaMethodSite.callCurrent(PogoMetaMethodSite.java:59)
at org.codehaus.groovy.runtime.callsite.AbstractCallSite.callCurrent(AbstractCallSite.java:166)
at io.restassured.internal.ResponseSpecificationImpl.statusCode(ResponseSpecificationImpl.groovy:124)
at io.restassured.specification.ResponseSpecification$statusCode$0.callCurrent(Unknown Source)
at io.restassured.internal.ResponseSpecificationImpl.statusCode(ResponseSpecificationImpl.groovy:132)
at io.restassured.internal.ValidatableResponseOptionsImpl.statusCode(ValidatableResponseOptionsImpl.java:119)
at APITEST.TestWeatherAPIWithDataProvide.verifyWeatherInfoWithPositiveData(TestWeatherAPIWithDataProvide.java:59)
at sun.reflect.NativeMethodAccessorImpl.invoke0(Native Method)
at sun.reflect.NativeMethodAccessorImpl.invoke(Unknown Source)
at sun.reflect.DelegatingMethodAccessorImpl.invoke(Unknown Source)
at java.lang.reflect.Method.invoke(Unknown Source)
at org.testng.internal.MethodInvocationHelper.invokeMethod(MethodInvocationHelper.java:124)
at org.testng.internal.Invoker.invokeMethod(Invoker.java:580)
at org.testng.internal.Invoker.invokeTestMethod(Invoker.java:716)
at org.testng.internal.Invoker.invokeTestMethods(Invoker.java:988)
at org.testng.internal.TestMethodWorker.invokeTestMethods(TestMethodWorker.java:125)
at org.testng.internal.TestMethodWorker.run(TestMethodWorker.java:109)
at org.testng.TestRunner.privateRun(TestRunner.java:648)
at org.testng.TestRunner.run(TestRunner.java:505)
at org.testng.SuiteRunner.runTest(SuiteRunner.java:455)
at org.testng.SuiteRunner.runSequentially(SuiteRunner.java:450)
at org.testng.SuiteRunner.privateRun(SuiteRunner.java:415)
at org.testng.SuiteRunner.run(SuiteRunner.java:364)
at org.testng.SuiteRunnerWorker.runSuite(SuiteRunnerWorker.java:52)
at org.testng.SuiteRunnerWorker.run(SuiteRunnerWorker.java:84)
at org.testng.TestNG.runSuitesSequentially(TestNG.java:1208)
at org.testng.TestNG.runSuitesLocally(TestNG.java:1137)
at org.testng.TestNG.runSuites(TestNG.java:1049)
at org.testng.TestNG.run(TestNG.java:1017)
at org.testng.remote.AbstractRemoteTestNG.run(AbstractRemoteTestNG.java:114)
at org.testng.remote.RemoteTestNG.initAndRun(RemoteTestNG.java:251)
at org.testng.remote.RemoteTestNG.main(RemoteTestNG.java:77)
]]>
    </failure>
  </testcase> <!-- verifyWeatherInfoWithPositiveData -->
  <testcase name="verifyWeatherInfoWithPositiveData" time="0.718" classname="APITEST.TestWeatherAPIWithDataProvide"/>
  <testcase name="verifyWeatherInfoWithNegativeData" time="0.500" classname="APITEST.TestWeatherAPIWithDataProvide"/>
  <testcase name="verifyWeatherInfoWithNegativeData" time="0.656" classname="APITEST.TestWeatherAPIWithDataProvide"/>
  <testcase name="verifyWeatherInfoWithNegativeData" time="0.640" classname="APITEST.TestWeatherAPIWithDataProvide"/>
  <testcase name="verifyWeatherInfoWithNegativeData" time="0.468" classname="APITEST.TestWeatherAPIWithDataProvide"/>
  <testcase name="verifyWeatherInfoWithNegativeData" time="0.531" classname="APITEST.TestWeatherAPIWithDataProvide"/>
  <testcase name="verifyWeatherInfoWithNegativeData" time="0.452" classname="APITEST.TestWeatherAPIWithDataProvide"/>
  <testcase name="verifyWeatherInfoWithNegativeData" time="1.560" classname="APITEST.TestWeatherAPIWithDataProvide"/>
  <testcase name="verifyWeatherInfoWithNegativeData" time="0.500" classname="APITEST.TestWeatherAPIWithDataProvide"/>
  <testcase name="verifyWeatherInfoWithNegativeData" time="0.483" classname="APITEST.TestWeatherAPIWithDataProvide"/>
  <testcase name="verifyWeatherInfoWithNegativeData" time="0.468" classname="APITEST.TestWeatherAPIWithDataProvide"/>
  <testcase name="verifyWeatherInfoWithNegativeData" time="0.499" classname="APITEST.TestWeatherAPIWithDataProvide"/>
  <testcase name="verifyWeatherInfoWithNegativeData" time="0.532" classname="APITEST.TestWeatherAPIWithDataProvide"/>
  <testcase name="verifyWeatherInfoWithNegativeData" time="0.484" classname="APITEST.TestWeatherAPIWithDataProvide"/>
  <testcase name="verifyWeatherInfoWithNegativeData" time="0.671" classname="APITEST.TestWeatherAPIWithDataProvide"/>
  <testcase name="verifyWeatherInfoWithNegativeData" time="0.477" classname="APITEST.TestWeatherAPIWithDataProvide"/>
  <testcase name="verifyWeatherInfoWithNegativeData" time="0.458" classname="APITEST.TestWeatherAPIWithDataProvide"/>
  <testcase name="verifyWeatherInfoWithNegativeData" time="0.421" classname="APITEST.TestWeatherAPIWithDataProvide"/>
  <testcase name="verifyWeatherInfoWithNegativeData" time="0.515" classname="APITEST.TestWeatherAPIWithDataProvide"/>
  <testcase name="verifyWeatherInfoWithNegativeData" time="0.486" classname="APITEST.TestWeatherAPIWithDataProvide"/>
  <testcase name="verifyWeatherInfoWithNegativeData" time="0.624" classname="APITEST.TestWeatherAPIWithDataProvide"/>
</testsuite> <!-- APITEST.TestWeatherAPIWithDataProvide -->
